2026-04-07 15:42:57,191 INFO: Risk Predictor startup [in C:\Users\GURKIRAT SINGH\OneDrive\Desktop\2nd\simple projects\code_relay\project_risk_system\app.py:91]
2026-04-07 15:42:59,522 INFO: Risk Predictor startup [in C:\Users\GURKIRAT SINGH\OneDrive\Desktop\2nd\simple projects\code_relay\project_risk_system\app.py:91]
2026-04-07 15:43:01,682 INFO: Risk Predictor startup [in C:\Users\GURKIRAT SINGH\OneDrive\Desktop\2nd\simple projects\code_relay\project_risk_system\app.py:91]
2026-04-07 17:30:01,831 INFO: Risk Predictor startup [in c:\Users\GURKIRAT SINGH\OneDrive\Desktop\2nd\simple projects\code_relay\project_risk_system\app.py:91]
2026-04-07 17:30:16,777 INFO: Risk Predictor startup [in c:\Users\GURKIRAT SINGH\OneDrive\Desktop\2nd\simple projects\code_relay\project_risk_system\app.py:91]
2026-04-07 17:30:39,035 INFO: User logged in: spidey16 [in c:\Users\GURKIRAT SINGH\OneDrive\Desktop\2nd\simple projects\code_relay\project_risk_system\app.py:283]
2026-04-07 17:30:57,381 INFO: Project created: 112 by spidey16 [in c:\Users\GURKIRAT SINGH\OneDrive\Desktop\2nd\simple projects\code_relay\project_risk_system\app.py:483]
2026-04-07 18:08:00,973 INFO: Risk Predictor startup [in c:\Users\GURKIRAT SINGH\OneDrive\Desktop\2nd\simple projects\code_relay\project_risk_system\app.py:91]
2026-04-07 18:08:02,664 INFO: Risk Predictor startup [in c:\Users\GURKIRAT SINGH\OneDrive\Desktop\2nd\simple projects\code_relay\project_risk_system\app.py:91]
2026-04-07 18:08:19,011 INFO: User logged in: spidey16 [in c:\Users\GURKIRAT SINGH\OneDrive\Desktop\2nd\simple projects\code_relay\project_risk_system\app.py:283]
2026-04-07 18:19:33,763 INFO: User logged out: spidey16 [in c:\Users\GURKIRAT SINGH\OneDrive\Desktop\2nd\simple projects\code_relay\project_risk_system\app.py:300]
2026-04-07 18:19:43,220 INFO: User logged in: spidey16 [in c:\Users\GURKIRAT SINGH\OneDrive\Desktop\2nd\simple projects\code_relay\project_risk_system\app.py:283]
2026-07-11 10:57:02,874 INFO: Risk Predictor startup [in c:\Users\GURKIRAT SINGH\OneDrive\Desktop\2nd\simple projects\code_relay\project_risk_system\app.py:91]
2026-07-11 10:57:06,244 INFO: Risk Predictor startup [in c:\Users\GURKIRAT SINGH\OneDrive\Desktop\2nd\simple projects\code_relay\project_risk_system\app.py:91]
2026-07-11 11:00:49,183 INFO: Risk Predictor startup [in c:\Users\GURKIRAT SINGH\OneDrive\Desktop\2nd\simple projects\code_relay\project_risk_system\app.py:91]
2026-07-11 11:00:51,046 INFO: Risk Predictor startup [in c:\Users\GURKIRAT SINGH\OneDrive\Desktop\2nd\simple projects\code_relay\project_risk_system\app.py:91]
2026-07-11 11:01:43,615 WARNING: Failed login attempt for: gurkiratsingh.05.54@gmail.com [in c:\Users\GURKIRAT SINGH\OneDrive\Desktop\2nd\simple projects\code_relay\project_risk_system\app.py:291]
2026-07-11 11:02:23,457 INFO: New user registered: thunderer [in c:\Users\GURKIRAT SINGH\OneDrive\Desktop\2nd\simple projects\code_relay\project_risk_system\app.py:258]
2026-07-11 11:02:33,841 INFO: User logged in: thunderer [in c:\Users\GURKIRAT SINGH\OneDrive\Desktop\2nd\simple projects\code_relay\project_risk_system\app.py:283]
2026-07-11 11:03:13,440 INFO: Project created: fhbrevr by thunderer [in c:\Users\GURKIRAT SINGH\OneDrive\Desktop\2nd\simple projects\code_relay\project_risk_system\app.py:483]
